#
# A fatal error has been detected by the Java Runtime Environment:
#
#  SIGSEGV (0xb) at pc=0x000000010fcb2e82, pid=2758, tid=18691
#
# JRE version: Java(TM) SE Runtime Environment (7.0_79-b15) (build 1.7.0_79-b15)
# Java VM: Java HotSpot(TM) 64-Bit Server VM (24.79-b02 mixed mode bsd-amd64 compressed oops)
# Problematic frame:
# V  [libjvm.dylib+0x2b2e82]  java_lang_String::length(oopDesc*)+0x54
#
# Failed to write core dump. Core dumps have been disabled. To enable core dumping, try "ulimit -c unlimited" before starting Java again
#
# If you would like to submit a bug report, please visit:
#   http://bugreport.java.com/bugreport/crash.jsp
#

---------------  T H R E A D  ---------------

Current thread (0x00007fbf4b01a000):  JavaThread "JDWP Transport Listener: dt_socket" daemon [_thread_in_vm, id=18691, stack(0x00000001213b0000,0x00000001214b0000)]

siginfo:si_signo=SIGSEGV: si_errno=0, si_code=1 (SEGV_MAPERR), si_addr=0x000000000000000c

Registers:
RAX=0x0000000000000000, RBX=0x00000007aab2a160, RCX=0x000000000000000c, RDX=0x0000000000000000
RSP=0x00000001214afa10, RBP=0x00000001214afa10, RSI=0x00007fbf4a909c68, RDI=0x00000007aab2a160
R8 =0x1800000000000000, R9 =0x00000000fffffe00, R10=0x0000000000000001, R11=0xffff8041d8895ee0
R12=0x00007fbf4b01a000, R13=0x00007fbf48c21e40, R14=0x0000000000000000, R15=0x0000000000000000
RIP=0x000000010fcb2e82, EFLAGS=0x0000000000010202, ERR=0x0000000000000004
  TRAPNO=0x000000000000000e

Top of Stack: (sp=0x00000001214afa10)
0x00000001214afa10:   00000001214afa40 000000010fce27be
0x00000001214afa20:   0000000000000000 0000000000000000
0x00000001214afa30:   00000007aab2a160 00007fbf4b01a1e8
0x00000001214afa40:   00000001214afab0 000000010fd0a0a2
0x00000001214afa50:   00007fbf4b01a000 00007fbf4b01a000
0x00000001214afa60:   0000000000000000 0000000000000000
0x00000001214afa70:   00007fbf4b01a1e8 00007fbf4b01a000
0x00000001214afa80:   00007fbf4b01a000 00000001214afb08
0x00000001214afa90:   00007fbf4a909c68 00007fbf48c21e40
0x00000001214afaa0:   00000001214afc90 00007fbf4b01a1e8
0x00000001214afab0:   00000001214afae0 000000011056d4be
0x00000001214afac0:   00000001214afc90 000000011058ddc2
0x00000001214afad0:   00000001214afb08 0000000110599588
0x00000001214afae0:   00000001214afd00 0000000110574642
0x00000001214afaf0:   0000372000000013 0000000000010a00
0x00000001214afb00:   00007fbf48c19b90 00000001214afb58
0x00000001214afb10:   00007fbf0000012c 00000001214afb20
0x00000001214afb20:   00007fbf00000000 00000001214afb58
0x00000001214afb30:   0000000000000000 00007f0000000000
0x00000001214afb40:   000037200000000f 00007fff00007780
0x00000001214afb50:   00000001214afb58 6e69616d31000000
0x00000001214afb60:   1000000000000000 0000000004000000
0x00000001214afb70:   8b00000000000000 0400000000000000
0x00000001214afb80:   00000000040c0000 8c00000009000000
0x00000001214afb90:   1000000000000000 000007008d000000
0x00000001214afba0:   0001020005000000 000e000000000000
0x00000001214afbb0:   00e8c2e048bf7f00 690c000000000000
0x00000001214afbc0:   5b28050000003e74 0000000000562943
0x00000001214afbd0:   48bf7f0000010000 3c06000000b8c3e0
0x00000001214afbe0:   0000003e74696e69 56294949435b2807
0x00000001214afbf0:   0100000000000000 b0c3e048bf7f0000
0x00000001214afc00:   696e693c06000000 5b28070000003e74 

Instructions: (pc=0x000000010fcb2e82)
0x000000010fcb2e62:   eb 16 48 8d 35 85 9a 4c 00 8a 4e 08 48 d3 e2 48
0x000000010fcb2e72:   03 16 eb 04 48 8b 14 0f 84 c0 0f 94 c0 0f b6 c0
0x000000010fcb2e82:   8b 44 82 0c 5d c3 8b 04 07 5d c3 90 55 48 89 e5
0x000000010fcb2e92:   f6 87 8d 00 00 00 02 75 04 31 ff eb 23 48 63 87 

Register to memory mapping:

RAX=0x0000000000000000 is an unknown value
RBX=0x00000007aab2a160 is an oop
java.lang.String 
 - klass: 'java/lang/String'
RCX=0x000000000000000c is an unknown value
RDX=0x0000000000000000 is an unknown value
RSP=0x00000001214afa10 is pointing into the stack for thread: 0x00007fbf4b01a000
RBP=0x00000001214afa10 is pointing into the stack for thread: 0x00007fbf4b01a000
RSI=0x00007fbf4a909c68 is a global jni handle
RDI=0x00000007aab2a160 is an oop
java.lang.String 
 - klass: 'java/lang/String'
R8 =0x1800000000000000 is an unknown value
R9 =0x00000000fffffe00 is an unknown value
R10=0x0000000000000001 is an unknown value
R11=0xffff8041d8895ee0 is an unknown value
R12=0x00007fbf4b01a000 is a thread
R13=0x00007fbf48c21e40 is an unknown value
R14=0x0000000000000000 is an unknown value
R15=0x0000000000000000 is an unknown value


Stack: [0x00000001213b0000,0x00000001214b0000],  sp=0x00000001214afa10,  free space=1022k
Native frames: (J=compiled Java code, j=interpreted, Vv=VM code, C=native code)
V  [libjvm.dylib+0x2b2e82]  java_lang_String::length(oopDesc*)+0x54
V  [libjvm.dylib+0x2e27be]  java_lang_String::utf8_length(oopDesc*)+0x38
V  [libjvm.dylib+0x30a0a2]  jni_GetStringUTFChars+0x71
C  [libjdwp.dylib+0x74be]  value+0x96
C  [libjdwp.dylib+0xe642]  debugLoop_run+0x1ce
C  [libjdwp.dylib+0x1f0e2]  attachThread+0x4d
V  [libjvm.dylib+0x37945a]  JvmtiAgentThread::call_start_function()+0x38
V  [libjvm.dylib+0x4f759d]  JavaThread::thread_main_inner()+0x9b
V  [libjvm.dylib+0x4f8ca5]  JavaThread::run()+0x1a3
V  [libjvm.dylib+0x421c4e]  java_start(Thread*)+0x126
C  [libsystem_pthread.dylib+0x405a]  _pthread_body+0x83
C  [libsystem_pthread.dylib+0x3fd7]  _pthread_body+0x0
C  [libsystem_pthread.dylib+0x13ed]  thread_start+0xd


---------------  P R O C E S S  ---------------

Java Threads: ( => current thread )
  0x00007fbf49819800 JavaThread "Service Thread" daemon [_thread_blocked, id=21251, stack(0x00000001218bf000,0x00000001219bf000)]
  0x00007fbf49031800 JavaThread "C2 CompilerThread1" daemon [_thread_blocked, id=20739, stack(0x00000001217bc000,0x00000001218bc000)]
  0x00007fbf4a045000 JavaThread "C2 CompilerThread0" daemon [_thread_blocked, id=20227, stack(0x00000001216b9000,0x00000001217b9000)]
  0x00007fbf4b017000 JavaThread "JDWP Command Reader" daemon [_thread_in_native, id=19715, stack(0x00000001215b6000,0x00000001216b6000)]
  0x00007fbf49026800 JavaThread "JDWP Event Helper Thread" daemon [_thread_blocked, id=19203, stack(0x00000001214b3000,0x00000001215b3000)]
=>0x00007fbf4b01a000 JavaThread "JDWP Transport Listener: dt_socket" daemon [_thread_in_vm, id=18691, stack(0x00000001213b0000,0x00000001214b0000)]
  0x00007fbf49806000 JavaThread "Signal Dispatcher" daemon [_thread_blocked, id=14615, stack(0x00000001212a7000,0x00000001213a7000)]
  0x00007fbf4900e800 JavaThread "Finalizer" daemon [_thread_blocked, id=13571, stack(0x000000011f881000,0x000000011f981000)]
  0x00007fbf4a031000 JavaThread "Reference Handler" daemon [_thread_blocked, id=13059, stack(0x000000011f77e000,0x000000011f87e000)]
  0x00007fbf49808000 JavaThread "main" [_thread_blocked, id=4867, stack(0x0000000110464000,0x0000000110564000)]

Other Threads:
  0x00007fbf4a02e800 VMThread [stack: 0x000000011f67b000,0x000000011f77b000] [id=12547]
  0x00007fbf4981a000 WatcherThread [stack: 0x00000001219c2000,0x0000000121ac2000] [id=21763]

VM state:not at safepoint (normal execution)

VM Mutex/Monitor currently owned by a thread: None

Heap
 PSYoungGen      total 76800K, used 3963K [0x00000007aaa80000, 0x00000007b0000000, 0x0000000800000000)
  eden space 66048K, 6% used [0x00000007aaa80000,0x00000007aae5ec80,0x00000007aeb00000)
  from space 10752K, 0% used [0x00000007af580000,0x00000007af580000,0x00000007b0000000)
  to   space 10752K, 0% used [0x00000007aeb00000,0x00000007aeb00000,0x00000007af580000)
 ParOldGen       total 174592K, used 0K [0x0000000700000000, 0x000000070aa80000, 0x00000007aaa80000)
  object space 174592K, 0% used [0x0000000700000000,0x0000000700000000,0x000000070aa80000)
 PSPermGen       total 21504K, used 2645K [0x00000006fae00000, 0x00000006fc300000, 0x0000000700000000)
  object space 21504K, 12% used [0x00000006fae00000,0x00000006fb095628,0x00000006fc300000)

Card table byte_map: [0x0000000113674000,0x0000000113e9e000] byte_map_base: 0x000000010fe9d000

Polling page: 0x000000010e9f7000

Code Cache  [0x00000001105b4000, 0x0000000110824000, 0x00000001135b4000)
 total_blobs=174 nmethods=2 adapters=135 free_code_cache=48771Kb largest_free_block=49920256

Compilation events (4 events):
Event: 0.125 Thread 0x00007fbf4a045000    1             java.lang.String::hashCode (55 bytes)
Event: 0.130 Thread 0x00007fbf4a045000 nmethod 1 0x0000000110613990 code [0x0000000110613ae0, 0x0000000110613c98]
Event: 0.131 Thread 0x00007fbf49031800    2             java.lang.String::indexOf (70 bytes)
Event: 0.132 Thread 0x00007fbf49031800 nmethod 2 0x0000000110613550 code [0x00000001106136a0, 0x0000000110613888]

GC Heap History (0 events):
No events

Deoptimization events (0 events):
No events

Internal exceptions (10 events):
Event: 0.131 Thread 0x00007fbf49808000 Threw 0x00000007aab11658 at /HUDSON/workspace/7u-2-build-macosx-x86_64/jdk7u79/2331/hotspot/src/share/vm/prims/jni.cpp:717
Event: 0.131 Thread 0x00007fbf49808000 Threw 0x00000007aab11778 at /HUDSON/workspace/7u-2-build-macosx-x86_64/jdk7u79/2331/hotspot/src/share/vm/prims/jvm.cpp:1304
Event: 0.131 Thread 0x00007fbf49808000 Threw 0x00000007aab118a0 at /HUDSON/workspace/7u-2-build-macosx-x86_64/jdk7u79/2331/hotspot/src/share/vm/prims/jvm.cpp:1304
Event: 0.132 Thread 0x00007fbf49808000 Threw 0x00000007aab12540 at /HUDSON/workspace/7u-2-build-macosx-x86_64/jdk7u79/2331/hotspot/src/share/vm/prims/jni.cpp:717
Event: 0.132 Thread 0x00007fbf49808000 Threw 0x00000007aab12660 at /HUDSON/workspace/7u-2-build-macosx-x86_64/jdk7u79/2331/hotspot/src/share/vm/prims/jvm.cpp:1304
Event: 0.132 Thread 0x00007fbf49808000 Threw 0x00000007aab12788 at /HUDSON/workspace/7u-2-build-macosx-x86_64/jdk7u79/2331/hotspot/src/share/vm/prims/jvm.cpp:1304
Event: 0.133 Thread 0x00007fbf49808000 Threw 0x00000007aab23e98 at /HUDSON/workspace/7u-2-build-macosx-x86_64/jdk7u79/2331/hotspot/src/share/vm/prims/jni.cpp:717
Event: 0.133 Thread 0x00007fbf49808000 Threw 0x00000007aab23fb8 at /HUDSON/workspace/7u-2-build-macosx-x86_64/jdk7u79/2331/hotspot/src/share/vm/prims/jvm.cpp:1304
Event: 0.133 Thread 0x00007fbf49808000 Threw 0x00000007aab240e0 at /HUDSON/workspace/7u-2-build-macosx-x86_64/jdk7u79/2331/hotspot/src/share/vm/prims/jvm.cpp:1304
Event: 0.133 Thread 0x00007fbf49808000 Threw 0x00000007aab24330 at /HUDSON/workspace/7u-2-build-macosx-x86_64/jdk7u79/2331/hotspot/src/share/vm/prims/jvm.cpp:1304

Events (10 events):
Event: 4.355 Executing VM operation: EnterInterpOnlyMode
Event: 4.355 Executing VM operation: EnterInterpOnlyMode done
Event: 4.355 Executing VM operation: GetCurrentLocation
Event: 4.355 Executing VM operation: GetCurrentLocation done
Event: 4.355 Executing VM operation: ChangeSingleStep
Event: 4.355 Executing VM operation: ChangeSingleStep done
Event: 4.355 Executing VM operation: ChangeSingleStep
Event: 4.355 Executing VM operation: ChangeSingleStep done
Event: 4.538 Executing VM operation: GetOrSetLocal
Event: 4.538 Executing VM operation: GetOrSetLocal done


Dynamic libraries:
0x000000000d307000 	/System/Library/Frameworks/Cocoa.framework/Versions/A/Cocoa
0x000000000d307000 	/System/Library/Frameworks/Security.framework/Versions/A/Security
0x000000000d307000 	/System/Library/Frameworks/ApplicationServices.framework/Versions/A/ApplicationServices
0x000000000d307000 	/usr/lib/libz.1.dylib
0x000000000d307000 	/usr/lib/libSystem.B.dylib
0x000000000d307000 	/usr/lib/libobjc.A.dylib
0x000000000d307000 	/System/Library/Frameworks/CoreFoundation.framework/Versions/A/CoreFoundation
0x000000000d307000 	/System/Library/Frameworks/Foundation.framework/Versions/C/Foundation
0x000000000d307000 	/System/Library/Frameworks/AppKit.framework/Versions/C/AppKit
0x000000000d307000 	/System/Library/Frameworks/CoreData.framework/Versions/A/CoreData
0x000000000d307000 	/System/Library/PrivateFrameworks/RemoteViewServices.framework/Versions/A/RemoteViewServices
0x000000000d307000 	/System/Library/PrivateFrameworks/UIFoundation.framework/Versions/A/UIFoundation
0x000000000d307000 	/System/Library/Frameworks/IOSurface.framework/Versions/A/IOSurface
0x000000000d307000 	/System/Library/Frameworks/AudioToolbox.framework/Versions/A/AudioToolbox
0x000000000d307000 	/System/Library/Frameworks/AudioUnit.framework/Versions/A/AudioUnit
0x000000000d307000 	/System/Library/PrivateFrameworks/DataDetectorsCore.framework/Versions/A/DataDetectorsCore
0x000000000d307000 	/System/Library/PrivateFrameworks/DesktopServicesPriv.framework/Versions/A/DesktopServicesPriv
0x000000000d307000 	/System/Library/Frameworks/Carbon.framework/Versions/A/Frameworks/HIToolbox.framework/Versions/A/HIToolbox
0x000000000d307000 	/System/Library/Frameworks/QuartzCore.framework/Versions/A/QuartzCore
0x000000000d307000 	/System/Library/Frameworks/Carbon.framework/Versions/A/Frameworks/SpeechRecognition.framework/Versions/A/SpeechRecognition
0x000000000d307000 	/usr/lib/libauto.dylib
0x000000000d307000 	/usr/lib/libicucore.A.dylib
0x000000000d307000 	/usr/lib/libxml2.2.dylib
0x000000000d307000 	/System/Library/PrivateFrameworks/CoreUI.framework/Versions/A/CoreUI
0x000000000d307000 	/System/Library/Frameworks/CoreAudio.framework/Versions/A/CoreAudio
0x000000000d307000 	/System/Library/Frameworks/DiskArbitration.framework/Versions/A/DiskArbitration
0x000000000d307000 	/usr/lib/liblangid.dylib
0x000000000d307000 	/System/Library/PrivateFrameworks/MultitouchSupport.framework/Versions/A/MultitouchSupport
0x000000000d307000 	/System/Library/Frameworks/IOKit.framework/Versions/A/IOKit
0x000000000d307000 	/usr/lib/libDiagnosticMessagesClient.dylib
0x000000000d307000 	/System/Library/Frameworks/CoreServices.framework/Versions/A/CoreServices
0x000000000d307000 	/System/Library/PrivateFrameworks/PerformanceAnalysis.framework/Versions/A/PerformanceAnalysis
0x000000000d307000 	/System/Library/PrivateFrameworks/GenerationalStorage.framework/Versions/A/GenerationalStorage
0x000000000d307000 	/System/Library/Frameworks/OpenGL.framework/Versions/A/OpenGL
0x000000000d307000 	/System/Library/PrivateFrameworks/Sharing.framework/Versions/A/Sharing
0x000000000d307000 	/System/Library/Frameworks/CoreGraphics.framework/Versions/A/CoreGraphics
0x000000000d307000 	/System/Library/Frameworks/CoreText.framework/Versions/A/CoreText
0x000000000d307000 	/System/Library/Frameworks/ImageIO.framework/Versions/A/ImageIO
0x000000000d307000 	/usr/lib/libextension.dylib
0x000000000d307000 	/System/Library/PrivateFrameworks/Backup.framework/Versions/A/Backup
0x000000000d307000 	/usr/lib/libarchive.2.dylib
0x000000000d307000 	/System/Library/Frameworks/CFNetwork.framework/Versions/A/CFNetwork
0x000000000d307000 	/System/Library/Frameworks/SystemConfiguration.framework/Versions/A/SystemConfiguration
0x000000000d307000 	/usr/lib/libCRFSuite.dylib
0x000000000d307000 	/usr/lib/libc++.1.dylib
0x000000000d307000 	/usr/lib/libc++abi.dylib
0x000000000d307000 	/usr/lib/system/libcache.dylib
0x000000000d307000 	/usr/lib/system/libcommonCrypto.dylib
0x000000000d307000 	/usr/lib/system/libcompiler_rt.dylib
0x000000000d307000 	/usr/lib/system/libcopyfile.dylib
0x000000000d307000 	/usr/lib/system/libcorecrypto.dylib
0x000000000d307000 	/usr/lib/system/libdispatch.dylib
0x000000000d307000 	/usr/lib/system/libdyld.dylib
0x000000000d307000 	/usr/lib/system/libkeymgr.dylib
0x000000000d307000 	/usr/lib/system/liblaunch.dylib
0x000000000d307000 	/usr/lib/system/libmacho.dylib
0x000000000d307000 	/usr/lib/system/libquarantine.dylib
0x000000000d307000 	/usr/lib/system/libremovefile.dylib
0x000000000d307000 	/usr/lib/system/libsystem_asl.dylib
0x000000000d307000 	/usr/lib/system/libsystem_blocks.dylib
0x000000000d307000 	/usr/lib/system/libsystem_c.dylib
0x000000000d307000 	/usr/lib/system/libsystem_configuration.dylib
0x000000000d307000 	/usr/lib/system/libsystem_coreservices.dylib
0x000000000d307000 	/usr/lib/system/libsystem_coretls.dylib
0x000000000d307000 	/usr/lib/system/libsystem_dnssd.dylib
0x000000000d307000 	/usr/lib/system/libsystem_info.dylib
0x000000000d307000 	/usr/lib/system/libsystem_kernel.dylib
0x000000000d307000 	/usr/lib/system/libsystem_m.dylib
0x000000000d307000 	/usr/lib/system/libsystem_malloc.dylib
0x000000000d307000 	/usr/lib/system/libsystem_network.dylib
0x000000000d307000 	/usr/lib/system/libsystem_networkextension.dylib
0x000000000d307000 	/usr/lib/system/libsystem_notify.dylib
0x000000000d307000 	/usr/lib/system/libsystem_platform.dylib
0x000000000d307000 	/usr/lib/system/libsystem_pthread.dylib
0x000000000d307000 	/usr/lib/system/libsystem_sandbox.dylib
0x000000000d307000 	/usr/lib/system/libsystem_secinit.dylib
0x000000000d307000 	/usr/lib/system/libsystem_stats.dylib
0x000000000d307000 	/usr/lib/system/libsystem_trace.dylib
0x000000000d307000 	/usr/lib/system/libunc.dylib
0x000000000d307000 	/usr/lib/system/libunwind.dylib
0x000000000d307000 	/usr/lib/system/libxpc.dylib
0x000000000d307000 	/usr/lib/libbz2.1.0.dylib
0x000000000d307000 	/usr/lib/liblzma.5.dylib
0x000000000d307000 	/usr/lib/libbsm.0.dylib
0x000000000d307000 	/usr/lib/libsqlite3.dylib
0x000000000d307000 	/usr/lib/system/libkxld.dylib
0x000000000d307000 	/usr/lib/libxar.1.dylib
0x000000000d307000 	/usr/lib/libpam.2.dylib
0x000000000d307000 	/usr/lib/libOpenScriptingUtil.dylib
0x000000000d307000 	/System/Library/Frameworks/CoreServices.framework/Versions/A/Frameworks/FSEvents.framework/Versions/A/FSEvents
0x000000000d307000 	/System/Library/Frameworks/CoreServices.framework/Versions/A/Frameworks/CarbonCore.framework/Versions/A/CarbonCore
0x000000000d307000 	/System/Library/Frameworks/CoreServices.framework/Versions/A/Frameworks/Metadata.framework/Versions/A/Metadata
0x000000000d307000 	/System/Library/Frameworks/CoreServices.framework/Versions/A/Frameworks/OSServices.framework/Versions/A/OSServices
0x000000000d307000 	/System/Library/Frameworks/CoreServices.framework/Versions/A/Frameworks/SearchKit.framework/Versions/A/SearchKit
0x000000000d307000 	/System/Library/Frameworks/CoreServices.framework/Versions/A/Frameworks/AE.framework/Versions/A/AE
0x000000000d307000 	/System/Library/Frameworks/CoreServices.framework/Versions/A/Frameworks/LaunchServices.framework/Versions/A/LaunchServices
0x000000000d307000 	/System/Library/Frameworks/CoreServices.framework/Versions/A/Frameworks/DictionaryServices.framework/Versions/A/DictionaryServices
0x000000000d307000 	/System/Library/Frameworks/NetFS.framework/Versions/A/NetFS
0x000000000d307000 	/System/Library/PrivateFrameworks/NetAuth.framework/Versions/A/NetAuth
0x000000000d307000 	/System/Library/PrivateFrameworks/login.framework/Versions/A/Frameworks/loginsupport.framework/Versions/A/loginsupport
0x000000000d307000 	/System/Library/PrivateFrameworks/TCC.framework/Versions/A/TCC
0x000000000d307000 	/usr/lib/libmecabra.dylib
0x000000000d307000 	/System/Library/Frameworks/ApplicationServices.framework/Versions/A/Frameworks/ATS.framework/Versions/A/ATS
0x000000000d307000 	/System/Library/Frameworks/ApplicationServices.framework/Versions/A/Frameworks/ColorSync.framework/Versions/A/ColorSync
0x000000000d307000 	/System/Library/Frameworks/ApplicationServices.framework/Versions/A/Frameworks/HIServices.framework/Versions/A/HIServices
0x000000000d307000 	/System/Library/Frameworks/ApplicationServices.framework/Versions/A/Frameworks/LangAnalysis.framework/Versions/A/LangAnalysis
0x000000000d307000 	/System/Library/Frameworks/ApplicationServices.framework/Versions/A/Frameworks/PrintCore.framework/Versions/A/PrintCore
0x000000000d307000 	/System/Library/Frameworks/ApplicationServices.framework/Versions/A/Frameworks/QD.framework/Versions/A/QD
0x000000000d307000 	/System/Library/Frameworks/ApplicationServices.framework/Versions/A/Frameworks/SpeechSynthesis.framework/Versions/A/SpeechSynthesis
0x000000000d307000 	/System/Library/Frameworks/Accelerate.framework/Versions/A/Accelerate
0x000000000d307000 	/System/Library/Frameworks/Accelerate.framework/Versions/A/Frameworks/vImage.framework/Versions/A/vImage
0x000000000d307000 	/System/Library/Frameworks/Accelerate.framework/Versions/A/Frameworks/vecLib.framework/Versions/A/vecLib
0x000000000d307000 	/System/Library/Frameworks/Accelerate.framework/Versions/A/Frameworks/vecLib.framework/Versions/A/libvDSP.dylib
0x000000000d307000 	/System/Library/Frameworks/Accelerate.framework/Versions/A/Frameworks/vecLib.framework/Versions/A/libvMisc.dylib
0x000000000d307000 	/System/Library/Frameworks/Accelerate.framework/Versions/A/Frameworks/vecLib.framework/Versions/A/libLAPACK.dylib
0x000000000d307000 	/System/Library/Frameworks/Accelerate.framework/Versions/A/Frameworks/vecLib.framework/Versions/A/libBLAS.dylib
0x000000000d307000 	/System/Library/Frameworks/Accelerate.framework/Versions/A/Frameworks/vecLib.framework/Versions/A/libLinearAlgebra.dylib
0x000000000d307000 	/System/Library/Frameworks/ApplicationServices.framework/Versions/A/Frameworks/ATS.framework/Versions/A/Resources/libFontParser.dylib
0x000000000d307000 	/System/Library/Frameworks/ApplicationServices.framework/Versions/A/Frameworks/ATS.framework/Versions/A/Resources/libFontRegistry.dylib
0x000000000d307000 	/System/Library/PrivateFrameworks/AppleVPA.framework/Versions/A/AppleVPA
0x000000000d307000 	/System/Library/PrivateFrameworks/AppleJPEG.framework/Versions/A/AppleJPEG
0x000000000d307000 	/System/Library/Frameworks/ImageIO.framework/Versions/A/Resources/libJPEG.dylib
0x000000000d307000 	/System/Library/Frameworks/ImageIO.framework/Versions/A/Resources/libTIFF.dylib
0x000000000d307000 	/System/Library/Frameworks/ImageIO.framework/Versions/A/Resources/libPng.dylib
0x000000000d307000 	/System/Library/Frameworks/ImageIO.framework/Versions/A/Resources/libGIF.dylib
0x000000000d307000 	/System/Library/Frameworks/ImageIO.framework/Versions/A/Resources/libJP2.dylib
0x000000000d307000 	/System/Library/Frameworks/ImageIO.framework/Versions/A/Resources/libRadiance.dylib
0x000000000d307000 	/System/Library/Frameworks/CoreVideo.framework/Versions/A/CoreVideo
0x000000000d307000 	/System/Library/Frameworks/OpenGL.framework/Versions/A/Libraries/libGLU.dylib
0x000000000d307000 	/System/Library/Frameworks/OpenGL.framework/Versions/A/Libraries/libGFXShared.dylib
0x000000000d307000 	/System/Library/Frameworks/OpenGL.framework/Versions/A/Libraries/libGL.dylib
0x000000000d307000 	/System/Library/Frameworks/OpenGL.framework/Versions/A/Libraries/libGLImage.dylib
0x000000000d307000 	/System/Library/Frameworks/OpenGL.framework/Versions/A/Libraries/libCVMSPluginSupport.dylib
0x000000000d307000 	/System/Library/Frameworks/OpenGL.framework/Versions/A/Libraries/libCoreVMClient.dylib
0x000000000d307000 	/usr/lib/libcups.2.dylib
0x000000000d307000 	/System/Library/Frameworks/Kerberos.framework/Versions/A/Kerberos
0x000000000d307000 	/System/Library/Frameworks/GSS.framework/Versions/A/GSS
0x000000000d307000 	/usr/lib/libresolv.9.dylib
0x000000000d307000 	/usr/lib/libiconv.2.dylib
0x000000000d307000 	/System/Library/PrivateFrameworks/Heimdal.framework/Versions/A/Heimdal
0x000000000d307000 	/usr/lib/libheimdal-asn1.dylib
0x000000000d307000 	/System/Library/Frameworks/OpenDirectory.framework/Versions/A/OpenDirectory
0x000000000d307000 	/System/Library/PrivateFrameworks/CommonAuth.framework/Versions/A/CommonAuth
0x000000000d307000 	/System/Library/Frameworks/OpenDirectory.framework/Versions/A/Frameworks/CFOpenDirectory.framework/Versions/A/CFOpenDirectory
0x000000000d307000 	/System/Library/Frameworks/SecurityFoundation.framework/Versions/A/SecurityFoundation
0x000000000d307000 	/System/Library/PrivateFrameworks/LanguageModeling.framework/Versions/A/LanguageModeling
0x000000000d307000 	/usr/lib/libcmph.dylib
0x000000000d307000 	/System/Library/Frameworks/ServiceManagement.framework/Versions/A/ServiceManagement
0x000000000d307000 	/usr/lib/libxslt.1.dylib
0x000000000d307000 	/System/Library/Frameworks/Carbon.framework/Versions/A/Frameworks/Ink.framework/Versions/A/Ink
0x000000000d307000 	/System/Library/Frameworks/QuartzCore.framework/Versions/A/Frameworks/CoreImage.framework/Versions/A/CoreImage
0x000000000d307000 	/System/Library/PrivateFrameworks/CrashReporterSupport.framework/Versions/A/CrashReporterSupport
0x000000000d307000 	/System/Library/Frameworks/OpenCL.framework/Versions/A/OpenCL
0x000000000d307000 	/System/Library/PrivateFrameworks/FaceCore.framework/Versions/A/FaceCore
0x000000000d307000 	/System/Library/PrivateFrameworks/Ubiquity.framework/Versions/A/Ubiquity
0x000000000d307000 	/System/Library/PrivateFrameworks/IconServices.framework/Versions/A/IconServices
0x000000000d307000 	/System/Library/PrivateFrameworks/ChunkingLibrary.framework/Versions/A/ChunkingLibrary
0x000000000d307000 	/System/Library/PrivateFrameworks/Apple80211.framework/Versions/A/Apple80211
0x000000000d307000 	/System/Library/Frameworks/CoreWLAN.framework/Versions/A/CoreWLAN
0x000000000d307000 	/System/Library/Frameworks/IOBluetooth.framework/Versions/A/IOBluetooth
0x000000000d307000 	/System/Library/PrivateFrameworks/CoreWiFi.framework/Versions/A/CoreWiFi
0x000000000d307000 	/System/Library/Frameworks/CoreBluetooth.framework/Versions/A/CoreBluetooth
0x000000000d307000 	/System/Library/PrivateFrameworks/DebugSymbols.framework/Versions/A/DebugSymbols
0x000000000d307000 	/System/Library/PrivateFrameworks/CoreSymbolication.framework/Versions/A/CoreSymbolication
0x000000000d307000 	/System/Library/PrivateFrameworks/Symbolication.framework/Versions/A/Symbolication
0x000000000d307000 	/System/Library/PrivateFrameworks/SpeechRecognitionCore.framework/Versions/A/SpeechRecognitionCore
0x000000010fa00000 	/Library/Java/JavaVirtualMachines/jdk1.7.0_79.jdk/Contents/Home/jre/lib/server/libjvm.dylib
0x000000000d307000 	/usr/lib/libstdc++.6.dylib
0x000000010e9ba000 	/Library/Java/JavaVirtualMachines/jdk1.7.0_79.jdk/Contents/Home/jre/lib/libverify.dylib
0x000000010e9c7000 	/Library/Java/JavaVirtualMachines/jdk1.7.0_79.jdk/Contents/Home/jre/lib/libjava.dylib
0x0000000110566000 	/Library/Java/JavaVirtualMachines/jdk1.7.0_79.jdk/Contents/Home/jre/lib/libjdwp.dylib
0x000000010e9f8000 	/Library/Java/JavaVirtualMachines/jdk1.7.0_79.jdk/Contents/Home/jre/lib/libnpt.dylib
0x00000001105ab000 	/Library/Java/JavaVirtualMachines/jdk1.7.0_79.jdk/Contents/Home/jre/lib/libzip.dylib
0x000000011f983000 	/System/Library/Frameworks/JavaVM.framework/Frameworks/JavaRuntimeSupport.framework/JavaRuntimeSupport
0x000000011f99e000 	/System/Library/Frameworks/JavaVM.framework/Versions/A/Frameworks/JavaNativeFoundation.framework/Versions/A/JavaNativeFoundation
0x000000011f9b3000 	/System/Library/Frameworks/JavaVM.framework/Versions/A/JavaVM
0x000000000d307000 	/System/Library/Frameworks/Carbon.framework/Versions/A/Carbon
0x000000011f9c0000 	/System/Library/PrivateFrameworks/JavaLaunching.framework/Versions/A/JavaLaunching
0x000000000d307000 	/System/Library/Frameworks/Carbon.framework/Versions/A/Frameworks/CommonPanels.framework/Versions/A/CommonPanels
0x000000000d307000 	/System/Library/Frameworks/Carbon.framework/Versions/A/Frameworks/Help.framework/Versions/A/Help
0x000000000d307000 	/System/Library/Frameworks/Carbon.framework/Versions/A/Frameworks/ImageCapture.framework/Versions/A/ImageCapture
0x000000000d307000 	/System/Library/Frameworks/Carbon.framework/Versions/A/Frameworks/OpenScripting.framework/Versions/A/OpenScripting
0x000000000d307000 	/System/Library/Frameworks/Carbon.framework/Versions/A/Frameworks/Print.framework/Versions/A/Print
0x000000000d307000 	/System/Library/Frameworks/Carbon.framework/Versions/A/Frameworks/SecurityHI.framework/Versions/A/SecurityHI
0x00000001213a9000 	/Library/Java/JavaVirtualMachines/jdk1.7.0_79.jdk/Contents/Home/jre/lib/libdt_socket.dylib

VM Arguments:
jvm_args: -agentlib:jdwp=transport=dt_socket,suspend=y,address=localhost:55979 -Dfile.encoding=UTF-8 
java_command: Calculator
Launcher Type: SUN_STANDARD

Environment Variables:
PATH=/usr/bin:/bin:/usr/sbin:/sbin
SHELL=/bin/bash

Signal Handlers:
SIGSEGV: [libjvm.dylib+0x52daf1], sa_mask[0]=0xfffefeff, sa_flags=0x00000043
SIGBUS: [libjvm.dylib+0x52daf1], sa_mask[0]=0xfffefeff, sa_flags=0x00000042
SIGFPE: [libjvm.dylib+0x41f34e], sa_mask[0]=0xfffefeff, sa_flags=0x00000042
SIGPIPE: [libjvm.dylib+0x41f34e], sa_mask[0]=0xfffefeff, sa_flags=0x00000042
SIGXFSZ: [libjvm.dylib+0x41f34e], sa_mask[0]=0xfffefeff, sa_flags=0x00000042
SIGILL: [libjvm.dylib+0x41f34e], sa_mask[0]=0xfffefeff, sa_flags=0x00000042
SIGUSR1: SIG_DFL, sa_mask[0]=0x00000000, sa_flags=0x00000000
SIGUSR2: [libjvm.dylib+0x41ee40], sa_mask[0]=0x00000004, sa_flags=0x00000042
SIGHUP: [libjvm.dylib+0x41d0d1], sa_mask[0]=0xfffefeff, sa_flags=0x00000042
SIGINT: [libjvm.dylib+0x41d0d1], sa_mask[0]=0xfffefeff, sa_flags=0x00000042
SIGTERM: [libjvm.dylib+0x41d0d1], sa_mask[0]=0xfffefeff, sa_flags=0x00000042
SIGQUIT: [libjvm.dylib+0x41d0d1], sa_mask[0]=0xfffefeff, sa_flags=0x00000042


---------------  S Y S T E M  ---------------

OS:Bsduname:Darwin 14.5.0 Darwin Kernel Version 14.5.0: Wed Jul 29 02:26:53 PDT 2015; root:xnu-2782.40.9~1/RELEASE_X86_64 x86_64
rlimit: STACK 8192k, CORE 0k, NPROC 709, NOFILE 10240, AS infinity
load average:1.83 2.03 1.92

CPU:total 8 (4 cores per cpu, 2 threads per core) family 6 model 70 stepping 1, cmov, cx8, fxsr, mmx, sse, sse2, sse3, ssse3, sse4.1, sse4.2, popcnt, avx, avx2, aes, erms, ht, tsc, tscinvbit

Memory: 4k page, physical 16777216k(4194304k free)

/proc/meminfo:


vm_info: Java HotSpot(TM) 64-Bit Server VM (24.79-b02) for bsd-amd64 JRE (1.7.0_79-b15), built on Apr 10 2015 11:35:04 by "java_re" with gcc 4.2.1 (Based on Apple Inc. build 5658) (LLVM build 2336.11.00)

time: Thu Aug 27 22:11:56 2015
elapsed time: 5 seconds

